<?xml version="1.0" encoding="UTF-8"?>
<testsuites name="New Test Suite" time="32.169" tests="1" failures="0" errors="1">
   <testsuite name="New Test Suite" tests="1" failures="0" errors="1" time="32.169" skipped="0" timestamp="2025-12-26T14:35:01.691Z" hostname="bhavyansh-katalon - 192.168.31.170" id="Test Suites/New Test Suite">
      <properties>
[...]
</properties>
      <testcase name="Test Cases/screenError" time="6.834" classname="Test Cases/screenError" status="ERROR">
         <error type="ERROR" message="Test Cases/screenError FAILED.&#xa;Reason:&#xa;groovy.lang.MissingMethodException: No signature of method: org.openqa.selenium.remote.RemoteWebDriver$ByteBuddy$zrGGbCgF.executeCdpCommand() is applicable for argument types: (String, LinkedHashMap) values: [Network.enable, [:]]&#xa;	at screenError.run(screenError:25)&#xa;	at com.kms.katalon.core.main.ScriptEngine.run(ScriptEngine.java:194)&#xa;	at com.kms.katalon.core.main.ScriptEngine.runScriptAsRawText(ScriptEngine.java:119)&#xa;	at com.kms.katalon.core.main.TestCaseExecutor.runScript(TestCaseExecutor.java:490)&#xa;	at com.kms.katalon.core.main.TestCaseExecutor.doExecute(TestCaseExecutor.java:481)&#xa;	at com.kms.katalon.core.main.TestCaseExecutor.processExecutionPhase(TestCaseExecutor.java:460)&#xa;	at com.kms.katalon.core.main.TestCaseExecutor.accessMainPhase(TestCaseExecutor.java:452)&#xa;	at com.kms.katalon.core.main.TestCaseExecutor.execute(TestCaseExecutor.java:322)&#xa;	at com.kms.katalon.core.main.TestCaseExecutor.execute(TestCaseExecutor.java:410)&#xa;	at com.kms.katalon.core.main.TestCaseExecutor.execute(TestCaseExecutor.java:410)&#xa;	at com.kms.katalon.core.main.TestCaseExecutor.execute(TestCaseExecutor.java:410)&#xa;	at com.kms.katalon.core.common.CommonExecutor.accessTestCaseMainPhase(CommonExecutor.java:71)&#xa;	at com.kms.katalon.core.main.TestSuiteExecutor.accessTestSuiteMainPhase(TestSuiteExecutor.java:153)&#xa;	at com.kms.katalon.core.main.TestSuiteExecutor.execute(TestSuiteExecutor.java:110)&#xa;	at com.kms.katalon.core.main.TestCaseMain.startTestSuite(TestCaseMain.java:205)&#xa;	at TempTestSuite1766759699594.run(TempTestSuite1766759699594.groovy:35)&#xa;	at java.base/jdk.internal.reflect.NativeMethodAccessorImpl.invoke0(Native Method)&#xa;	at java.base/jdk.internal.reflect.NativeMethodAccessorImpl.invoke(NativeMethodAccessorImpl.java:77)&#xa;	at java.base/jdk.internal.reflect.DelegatingMethodAccessorImpl.invoke(DelegatingMethodAccessorImpl.java:43)&#xa;"/>
         <system-out><![CDATA[26-12-2025T20:05:27 - [TEST_CASE][ERROR] - Test Cases/screenError: Test Cases/screenError FAILED.
Reason:
groovy.lang.MissingMethodException: No signature of method: org.openqa.selenium.remote.RemoteWebDriver$ByteBuddy$zrGGbCgF.executeCdpCommand() is applicable for argument types: (String, LinkedHashMap) values: [Network.enable, [:]]
	at screenError.run(screenError:25)
	at com.kms.katalon.core.main.ScriptEngine.run(ScriptEngine.java:194)
	at com.kms.katalon.core.main.ScriptEngine.runScriptAsRawText(ScriptEngine.java:119)
	at com.kms.katalon.core.main.TestCaseExecutor.runScript(TestCaseExecutor.java:490)
	at com.kms.katalon.core.main.TestCaseExecutor.doExecute(TestCaseExecutor.java:481)
	at com.kms.katalon.core.main.TestCaseExecutor.processExecutionPhase(TestCaseExecutor.java:460)
	at com.kms.katalon.core.main.TestCaseExecutor.accessMainPhase(TestCaseExecutor.java:452)
	at com.kms.katalon.core.main.TestCaseExecutor.execute(TestCaseExecutor.java:322)
	at com.kms.katalon.core.main.TestCaseExecutor.execute(TestCaseExecutor.java:410)
	at com.kms.katalon.core.main.TestCaseExecutor.execute(TestCaseExecutor.java:410)
	at com.kms.katalon.core.main.TestCaseExecutor.execute(TestCaseExecutor.java:410)
	at com.kms.katalon.core.common.CommonExecutor.accessTestCaseMainPhase(CommonExecutor.java:71)
	at com.kms.katalon.core.main.TestSuiteExecutor.accessTestSuiteMainPhase(TestSuiteExecutor.java:153)
	at com.kms.katalon.core.main.TestSuiteExecutor.execute(TestSuiteExecutor.java:110)
	at com.kms.katalon.core.main.TestCaseMain.startTestSuite(TestCaseMain.java:205)
	at TempTestSuite1766759699594.run(TempTestSuite1766759699594.groovy:35)
	at java.base/jdk.internal.reflect.NativeMethodAccessorImpl.invoke0(Native Method)
	at java.base/jdk.internal.reflect.NativeMethodAccessorImpl.invoke(NativeMethodAccessorImpl.java:77)
	at java.base/jdk.internal.reflect.DelegatingMethodAccessorImpl.invoke(DelegatingMethodAccessorImpl.java:43)


26-12-2025T20:05:27 - [TEST_STEP][PASSED] - openBrowser(""): Browser is opened with url: ''

26-12-2025T20:05:27 - [MESSAGE][WARNING] - A browser is already opened. Closing browser and opening a new one

26-12-2025T20:05:27 - [MESSAGE][INFO] - User set preference: ['browserVersion', '143']

26-12-2025T20:05:27 - [MESSAGE][INFO] - User set preference: ['browserName', 'chrome']

26-12-2025T20:05:27 - [MESSAGE][INFO] - User set preference: ['platformName', 'windows']

26-12-2025T20:05:27 - [MESSAGE][INFO] - User set preference: ['katalon:options', '{metadata={organizationId=482208, accountId=482208, channel=kse;v=10.4.2, projectId=434996}, executionMode=queue, browserVersionType=, usingTunnel=false}']

26-12-2025T20:05:27 - [MESSAGE][INFO] - Connecting to remote web server 'testcloud.katalon.com/wd/hub' with type 'Selenium'

26-12-2025T20:05:27 - [MESSAGE][INFO] - Action delay is set to 0 milliseconds

26-12-2025T20:05:33 - [MESSAGE][WARNING] - Your browser version or type does not support the BiDirectional WebDriver Protocol which is required for Smart Locator functionality. Please update your browser or switch to a compatible one.

26-12-2025T20:05:33 - [MESSAGE][WARNING] - Your browser version or type does not support the BiDirectional WebDriver Protocol which is required for Smart Locator functionality. Please update your browser or switch to a compatible one.

26-12-2025T20:05:33 - [MESSAGE][WARNING] - Your browser version or type does not support the BiDirectional WebDriver Protocol which is required for Smart Locator functionality. Please update your browser or switch to a compatible one.

26-12-2025T20:05:33 - [MESSAGE][PASSED] - Browser is opened with url: ''

26-12-2025T20:05:33 - [TEST_STEP][PASSED] - driver = getWebDriver(): null

26-12-2025T20:05:33 - [TEST_STEP][PASSED] - auth = "admin:admin": null

26-12-2025T20:05:33 - [TEST_STEP][PASSED] - encodedAuth = "Basic " + encodeBase64().toString(): null

26-12-2025T20:05:33 - [TEST_STEP][PASSED] - headerMap = new java.util.HashMap(): null

26-12-2025T20:05:33 - [TEST_STEP][PASSED] - headerMap.put("Authorization", encodedAuth): null

26-12-2025T20:05:33 - [TEST_STEP][PASSED] - if (driver instanceof org.openqa.selenium.chromium.HasCdp): null

26-12-2025T20:05:33 - [TEST_STEP][ERROR] - else: Test Cases/screenError FAILED.
Reason:
groovy.lang.MissingMethodException: No signature of method: org.openqa.selenium.remote.RemoteWebDriver$ByteBuddy$zrGGbCgF.executeCdpCommand() is applicable for argument types: (String, LinkedHashMap) values: [Network.enable, [:]]
	at screenError.run(screenError:25)
	at com.kms.katalon.core.main.ScriptEngine.run(ScriptEngine.java:194)
	at com.kms.katalon.core.main.ScriptEngine.runScriptAsRawText(ScriptEngine.java:119)
	at com.kms.katalon.core.main.TestCaseExecutor.runScript(TestCaseExecutor.java:490)
	at com.kms.katalon.core.main.TestCaseExecutor.doExecute(TestCaseExecutor.java:481)
	at com.kms.katalon.core.main.TestCaseExecutor.processExecutionPhase(TestCaseExecutor.java:460)
	at com.kms.katalon.core.main.TestCaseExecutor.accessMainPhase(TestCaseExecutor.java:452)
	at com.kms.katalon.core.main.TestCaseExecutor.execute(TestCaseExecutor.java:322)
	at com.kms.katalon.core.main.TestCaseExecutor.execute(TestCaseExecutor.java:410)
	at com.kms.katalon.core.main.TestCaseExecutor.execute(TestCaseExecutor.java:410)
	at com.kms.katalon.core.main.TestCaseExecutor.execute(TestCaseExecutor.java:410)
	at com.kms.katalon.core.common.CommonExecutor.accessTestCaseMainPhase(CommonExecutor.java:71)
	at com.kms.katalon.core.main.TestSuiteExecutor.accessTestSuiteMainPhase(TestSuiteExecutor.java:153)
	at com.kms.katalon.core.main.TestSuiteExecutor.execute(TestSuiteExecutor.java:110)
	at com.kms.katalon.core.main.TestCaseMain.startTestSuite(TestCaseMain.java:205)
	at TempTestSuite1766759699594.run(TempTestSuite1766759699594.groovy:35)
	at java.base/jdk.internal.reflect.NativeMethodAccessorImpl.invoke0(Native Method)
	at java.base/jdk.internal.reflect.NativeMethodAccessorImpl.invoke(NativeMethodAccessorImpl.java:77)
	at java.base/jdk.internal.reflect.DelegatingMethodAccessorImpl.invoke(DelegatingMethodAccessorImpl.java:43)


26-12-2025T20:05:33 - [TEST_STEP][ERROR] - driver.executeCdpCommand("Network.enable", [:]): Test Cases/screenError FAILED.
Reason:
groovy.lang.MissingMethodException: No signature of method: org.openqa.selenium.remote.RemoteWebDriver$ByteBuddy$zrGGbCgF.executeCdpCommand() is applicable for argument types: (String, LinkedHashMap) values: [Network.enable, [:]]
	at screenError.run(screenError:25)
	at com.kms.katalon.core.main.ScriptEngine.run(ScriptEngine.java:194)
	at com.kms.katalon.core.main.ScriptEngine.runScriptAsRawText(ScriptEngine.java:119)
	at com.kms.katalon.core.main.TestCaseExecutor.runScript(TestCaseExecutor.java:490)
	at com.kms.katalon.core.main.TestCaseExecutor.doExecute(TestCaseExecutor.java:481)
	at com.kms.katalon.core.main.TestCaseExecutor.processExecutionPhase(TestCaseExecutor.java:460)
	at com.kms.katalon.core.main.TestCaseExecutor.accessMainPhase(TestCaseExecutor.java:452)
	at com.kms.katalon.core.main.TestCaseExecutor.execute(TestCaseExecutor.java:322)
	at com.kms.katalon.core.main.TestCaseExecutor.execute(TestCaseExecutor.java:410)
	at com.kms.katalon.core.main.TestCaseExecutor.execute(TestCaseExecutor.java:410)
	at com.kms.katalon.core.main.TestCaseExecutor.execute(TestCaseExecutor.java:410)
	at com.kms.katalon.core.common.CommonExecutor.accessTestCaseMainPhase(CommonExecutor.java:71)
	at com.kms.katalon.core.main.TestSuiteExecutor.accessTestSuiteMainPhase(TestSuiteExecutor.java:153)
	at com.kms.katalon.core.main.TestSuiteExecutor.execute(TestSuiteExecutor.java:110)
	at com.kms.katalon.core.main.TestCaseMain.startTestSuite(TestCaseMain.java:205)
	at TempTestSuite1766759699594.run(TempTestSuite1766759699594.groovy:35)
	at java.base/jdk.internal.reflect.NativeMethodAccessorImpl.invoke0(Native Method)
	at java.base/jdk.internal.reflect.NativeMethodAccessorImpl.invoke(NativeMethodAccessorImpl.java:77)
	at java.base/jdk.internal.reflect.DelegatingMethodAccessorImpl.invoke(DelegatingMethodAccessorImpl.java:43)


26-12-2025T20:05:33 - [MESSAGE][ERROR] - Test Cases/screenError FAILED.
Reason:
groovy.lang.MissingMethodException: No signature of method: org.openqa.selenium.remote.RemoteWebDriver$ByteBuddy$zrGGbCgF.executeCdpCommand() is applicable for argument types: (String, LinkedHashMap) values: [Network.enable, [:]]
	at screenError.run(screenError:25)
	at com.kms.katalon.core.main.ScriptEngine.run(ScriptEngine.java:194)
	at com.kms.katalon.core.main.ScriptEngine.runScriptAsRawText(ScriptEngine.java:119)
	at com.kms.katalon.core.main.TestCaseExecutor.runScript(TestCaseExecutor.java:490)
	at com.kms.katalon.core.main.TestCaseExecutor.doExecute(TestCaseExecutor.java:481)
	at com.kms.katalon.core.main.TestCaseExecutor.processExecutionPhase(TestCaseExecutor.java:460)
	at com.kms.katalon.core.main.TestCaseExecutor.accessMainPhase(TestCaseExecutor.java:452)
	at com.kms.katalon.core.main.TestCaseExecutor.execute(TestCaseExecutor.java:322)
	at com.kms.katalon.core.main.TestCaseExecutor.execute(TestCaseExecutor.java:410)
	at com.kms.katalon.core.main.TestCaseExecutor.execute(TestCaseExecutor.java:410)
	at com.kms.katalon.core.main.TestCaseExecutor.execute(TestCaseExecutor.java:410)
	at com.kms.katalon.core.common.CommonExecutor.accessTestCaseMainPhase(CommonExecutor.java:71)
	at com.kms.katalon.core.main.TestSuiteExecutor.accessTestSuiteMainPhase(TestSuiteExecutor.java:153)
	at com.kms.katalon.core.main.TestSuiteExecutor.execute(TestSuiteExecutor.java:110)
	at com.kms.katalon.core.main.TestCaseMain.startTestSuite(TestCaseMain.java:205)
	at TempTestSuite1766759699594.run(TempTestSuite1766759699594.groovy:35)
	at java.base/jdk.internal.reflect.NativeMethodAccessorImpl.invoke0(Native Method)
	at java.base/jdk.internal.reflect.NativeMethodAccessorImpl.invoke(NativeMethodAccessorImpl.java:77)
	at java.base/jdk.internal.reflect.DelegatingMethodAccessorImpl.invoke(DelegatingMethodAccessorImpl.java:43)]]></system-out>
         <system-err><![CDATA[26-12-2025T20:05:27 - [TEST_CASE][ERROR] - Test Cases/screenError: Test Cases/screenError FAILED.
Reason:
groovy.lang.MissingMethodException: No signature of method: org.openqa.selenium.remote.RemoteWebDriver$ByteBuddy$zrGGbCgF.executeCdpCommand() is applicable for argument types: (String, LinkedHashMap) values: [Network.enable, [:]]
	at screenError.run(screenError:25)
	at com.kms.katalon.core.main.ScriptEngine.run(ScriptEngine.java:194)
	at com.kms.katalon.core.main.ScriptEngine.runScriptAsRawText(ScriptEngine.java:119)
	at com.kms.katalon.core.main.TestCaseExecutor.runScript(TestCaseExecutor.java:490)
	at com.kms.katalon.core.main.TestCaseExecutor.doExecute(TestCaseExecutor.java:481)
	at com.kms.katalon.core.main.TestCaseExecutor.processExecutionPhase(TestCaseExecutor.java:460)
	at com.kms.katalon.core.main.TestCaseExecutor.accessMainPhase(TestCaseExecutor.java:452)
	at com.kms.katalon.core.main.TestCaseExecutor.execute(TestCaseExecutor.java:322)
	at com.kms.katalon.core.main.TestCaseExecutor.execute(TestCaseExecutor.java:410)
	at com.kms.katalon.core.main.TestCaseExecutor.execute(TestCaseExecutor.java:410)
	at com.kms.katalon.core.main.TestCaseExecutor.execute(TestCaseExecutor.java:410)
	at com.kms.katalon.core.common.CommonExecutor.accessTestCaseMainPhase(CommonExecutor.java:71)
	at com.kms.katalon.core.main.TestSuiteExecutor.accessTestSuiteMainPhase(TestSuiteExecutor.java:153)
	at com.kms.katalon.core.main.TestSuiteExecutor.execute(TestSuiteExecutor.java:110)
	at com.kms.katalon.core.main.TestCaseMain.startTestSuite(TestCaseMain.java:205)
	at TempTestSuite1766759699594.run(TempTestSuite1766759699594.groovy:35)
	at java.base/jdk.internal.reflect.NativeMethodAccessorImpl.invoke0(Native Method)
	at java.base/jdk.internal.reflect.NativeMethodAccessorImpl.invoke(NativeMethodAccessorImpl.java:77)
	at java.base/jdk.internal.reflect.DelegatingMethodAccessorImpl.invoke(DelegatingMethodAccessorImpl.java:43)]]></system-err>
      </testcase>
      <system-out><![CDATA[26-12-2025T20:05:01 - [TEST_SUITE][ERROR] - New Test Suite: null]]></system-out>
      <system-err><![CDATA[26-12-2025T20:05:01 - [TEST_SUITE][ERROR] - New Test Suite: null]]></system-err>
   </testsuite>
</testsuites>
