Suite/Test/Step Name,Browser,Description,Tag,Start time,End time,Duration,Status
New Test Suite,Chrome 143.0.7499.170,,,26-12-2025 20:15:49,26-12-2025 20:21:33,5m - 44.537s,FAILED
,,,,,,,
Test Cases/screenError,Chrome 143.0.7499.170,,,26-12-2025 20:21:30,26-12-2025 20:21:33,3.030s,FAILED
"openBrowser("""")",Chrome 143.0.7499.170,,,26-12-2025 20:21:30,26-12-2025 20:21:31,1.173s,PASSED
maximizeWindow(),Chrome 143.0.7499.170,,,26-12-2025 20:21:31,26-12-2025 20:21:32,0.323s,PASSED
"url = ""https://admin:admin@the-internet.herokuapp.com/basic_auth""",Chrome 143.0.7499.170,,,26-12-2025 20:21:32,26-12-2025 20:21:32,0.002s,PASSED
navigateToUrl(url),Chrome 143.0.7499.170,,,26-12-2025 20:21:32,26-12-2025 20:21:33,1.413s,PASSED
waitForPageLoad(5),Chrome 143.0.7499.170,,,26-12-2025 20:21:33,26-12-2025 20:21:33,0.114s,FAILED
