<?xml version="1.0" encoding="UTF-8"?>
<testsuites name="New Test Suite" time="18.774" tests="1" failures="0" errors="0">
   <testsuite name="New Test Suite" tests="1" failures="0" errors="0" time="18.774" skipped="0" timestamp="2025-12-26T14:52:00.361Z" hostname="bhavyansh-katalon - 192.168.31.170" id="Test Suites/New Test Suite">
      <properties>
[...]
</properties>
      <testcase name="Test Cases/screenError" time="18.591" classname="Test Cases/screenError" status="PASSED">
         <system-out><![CDATA[26-12-2025T20:22:00 - [TEST_CASE][PASSED] - Test Cases/screenError: Test Cases/screenError

26-12-2025T20:22:00 - [TEST_STEP][PASSED] - openBrowser(""): Browser is opened with url: ''

26-12-2025T20:22:00 - [MESSAGE][INFO] - User set preference: ['browserVersion', '143']

26-12-2025T20:22:00 - [MESSAGE][INFO] - User set preference: ['browserName', 'chrome']

26-12-2025T20:22:00 - [MESSAGE][INFO] - User set preference: ['platformName', 'windows']

26-12-2025T20:22:00 - [MESSAGE][INFO] - User set preference: ['katalon:options', '{metadata={organizationId=482208, accountId=482208, channel=kse;v=10.4.2, projectId=434996}, executionMode=queue, browserVersionType=, usingTunnel=false}']

26-12-2025T20:22:00 - [MESSAGE][INFO] - Connecting to remote web server 'testcloud.katalon.com/wd/hub' with type 'Selenium'

26-12-2025T20:22:00 - [MESSAGE][INFO] - Action delay is set to 0 milliseconds

26-12-2025T20:22:15 - [MESSAGE][WARNING] - Your browser version or type does not support the BiDirectional WebDriver Protocol which is required for Smart Locator functionality. Please update your browser or switch to a compatible one.

26-12-2025T20:22:15 - [MESSAGE][WARNING] - Your browser version or type does not support the BiDirectional WebDriver Protocol which is required for Smart Locator functionality. Please update your browser or switch to a compatible one.

26-12-2025T20:22:15 - [MESSAGE][WARNING] - Your browser version or type does not support the BiDirectional WebDriver Protocol which is required for Smart Locator functionality. Please update your browser or switch to a compatible one.

26-12-2025T20:22:16 - [MESSAGE][PASSED] - Browser is opened with url: ''

26-12-2025T20:22:16 - [TEST_STEP][PASSED] - maximizeWindow(): Current window maximized

26-12-2025T20:22:16 - [MESSAGE][PASSED] - Current window maximized

26-12-2025T20:22:16 - [TEST_STEP][PASSED] - url = "https://admin:admin@the-internet.herokuapp.com/basic_auth": null

26-12-2025T20:22:16 - [TEST_STEP][PASSED] - navigateToUrl(url): Navigate to 'https://admin:admin@the-internet.herokuapp.com/basic_auth' successfully

26-12-2025T20:22:17 - [MESSAGE][PASSED] - Navigate to 'https://admin:admin@the-internet.herokuapp.com/basic_auth' successfully

26-12-2025T20:22:17 - [TEST_STEP][PASSED] - waitForPageLoad(5): Wait for page load successfully

26-12-2025T20:22:17 - [MESSAGE][PASSED] - Wait for page load successfully

26-12-2025T20:22:17 - [TEST_STEP][PASSED] - verifyTextPresent("Congratulations!", false): Text 'Congratulations!' is present on page 

26-12-2025T20:22:19 - [MESSAGE][PASSED] - Text 'Congratulations!' is present on page]]></system-out>
         <system-err><![CDATA[]]></system-err>
      </testcase>
      <system-out><![CDATA[26-12-2025T20:22:00 - [TEST_SUITE][PASSED] - New Test Suite: null]]></system-out>
      <system-err><![CDATA[]]></system-err>
   </testsuite>
</testsuites>
